<?xml version="1.0" encoding="UTF-8"?>
<testsuite xmlns:xsi="http://www.w3.org/2001/XMLSchema-instance" xsi:noNamespaceSchemaLocation="https://maven.apache.org/surefire/maven-surefire-plugin/xsd/surefire-test-report.xsd" name="com.softplan.processesapi.application.controllers.privatecontrollers.UserControllerTest" time="0.001" tests="1" errors="1" skipped="0" failures="0">
  <properties>
[...]
</properties>
  <testcase name="post" classname="com.softplan.processesapi.application.controllers.privatecontrollers.UserControllerTest" time="0">
    <error type="java.lang.NullPointerException">java.lang.NullPointerException
	at com.softplan.processesapi.application.controllers.privatecontrollers.UserControllerTest.post(UserControllerTest.java:28)
</error>
  </testcase>
</testsuite>