<?xml version="1.0" encoding="UTF-8"?>
<testsuite xmlns:xsi="http://www.w3.org/2001/XMLSchema-instance" xsi:noNamespaceSchemaLocation="https://maven.apache.org/surefire/maven-surefire-plugin/xsd/surefire-test-report.xsd" name="com.ldutra.processos.service.ProcessoServiceTest" time="0.175" tests="11" errors="0" skipped="0" failures="0">
  <properties>
[...]
</properties>
  <testcase name="naoDeveSalvarUmProcessoQuandoHouverErroDeValidacao" classname="com.ldutra.processos.service.ProcessoServiceTest" time="0"/>
  <testcase name="deveLancarErroAoTentarAtualizarUmProcessoQueAindaNaoFoiSalvo" classname="com.ldutra.processos.service.ProcessoServiceTest" time="0"/>
  <testcase name="deveSalvarUmProcesso" classname="com.ldutra.processos.service.ProcessoServiceTest" time="0"/>
  <testcase name="deveFiltrarProcessos" classname="com.ldutra.processos.service.ProcessoServiceTest" time="0"/>
  <testcase name="deveObterUmProcessoPorID" classname="com.ldutra.processos.service.ProcessoServiceTest" time="0"/>
  <testcase name="deveLancarErrosAoValidarUmProcesso" classname="com.ldutra.processos.service.ProcessoServiceTest" time="0"/>
  <testcase name="deveAtualizarOStatusDeUmProcesso" classname="com.ldutra.processos.service.ProcessoServiceTest" time="0"/>
  <testcase name="deveREtornarVazioQuandoOProcessoNaoExiste" classname="com.ldutra.processos.service.ProcessoServiceTest" time="0"/>
  <testcase name="deveLancarErroAoTentarDeletarUmProcessoQueAindaNaoFoiSalvo" classname="com.ldutra.processos.service.ProcessoServiceTest" time="0"/>
  <testcase name="deveAtualizarUmProcesso" classname="com.ldutra.processos.service.ProcessoServiceTest" time="0"/>
  <testcase name="deveDeletarUmProcesso" classname="com.ldutra.processos.service.ProcessoServiceTest" time="0"/>
</testsuite>